\BOOKMARK [0][-]{chapter*.1}{\376\377\000L\036\335\000i\000\040\000m\036\337\000\040\001\021\036\247\000u}{}% 1
\BOOKMARK [0][-]{chapter*.2}{\376\377\000L\036\335\000i\000\040\000c\036\243\000m\000\040\001\241\000n}{}% 2
\BOOKMARK [0][-]{chapter.1}{\376\377\000T\036\325\000n\000g\000\040\000Q\000u\000a\000n\000\040\001\020\036\301\000\040\000T\000\340\000i}{}% 3
\BOOKMARK [1][-]{section.1.1}{\376\377\000T\036\325\000n\000g\000\040\000q\000u\000a\000n\000\040\000c\000\341\000c\000\040\000n\000g\000h\000i\000\352\000n\000\040\000c\036\351\000u\000\040\000l\000i\000\352\000n\000\040\000q\000u\000a\000n}{chapter.1}% 4
\BOOKMARK [1][-]{section.1.2}{\376\377\000M\036\345\000c\000\040\000t\000i\000\352\000u\000\040\000n\000g\000h\000i\000\352\000n\000\040\000c\036\351\000u}{chapter.1}% 5
\BOOKMARK [2][-]{subsection.1.2.1}{\376\377\000M\036\345\000c\000\040\000t\000i\000\352\000u\000\040\000t\036\325\000n\000g\000\040\000q\000u\000\341\000t}{section.1.2}% 6
\BOOKMARK [2][-]{subsection.1.2.2}{\376\377\000M\036\345\000c\000\040\000t\000i\000\352\000u\000\040\000c\036\345\000\040\000t\000h\036\303}{section.1.2}% 7
\BOOKMARK [1][-]{section.1.3}{\376\377\000G\000i\036\333\000i\000\040\000h\036\241\000n\000\040\001\021\036\301\000\040\000t\000\340\000i}{chapter.1}% 8
\BOOKMARK [0][-]{chapter.2}{\376\377\000T\000h\000i\036\277\000t\000\040\000K\036\277\000\040\000G\000i\036\243\000i\000\040\000P\000h\000\341\000p\000\040\001\020\036\301\000\040\000X\000u\036\245\000t}{}% 9
\BOOKMARK [1][-]{section.2.1}{\376\377\000T\000h\000i\036\277\000t\000\040\000k\036\277\000\040\000k\000i\036\277\000n\000\040\000t\000r\000\372\000c\000\040\000h\036\307\000\040\000t\000h\036\321\000n\000g}{chapter.2}% 10
\BOOKMARK [1][-]{section.2.2}{\376\377\000T\000h\000i\036\277\000t\000\040\000k\036\277\000\040\000c\000h\000i\000\040\000t\000i\036\277\000t\000\040\000c\000\341\000c\000\040\000t\000h\000\340\000n\000h\000\040\000p\000h\036\247\000n\000\040\000c\036\347\000a\000\040\000h\036\307\000\040\000t\000h\036\321\000n\000g}{chapter.2}% 11
\BOOKMARK [0][-]{chapter.3}{\376\377\000K\036\277\000t\000\040\000Q\000u\036\243\000\040\000T\000h\036\361\000c\000\040\000N\000g\000h\000i\036\307\000m\000\040\000V\000\340\000\040\001\020\000\341\000n\000h\000\040\000G\000i\000\341}{}% 12
\BOOKMARK [1][-]{section.3.1}{\376\377\000K\036\313\000c\000h\000\040\000b\036\243\000n\000\040\000t\000h\036\361\000c\000\040\000n\000g\000h\000i\036\307\000m}{chapter.3}% 13
\BOOKMARK [1][-]{section.3.2}{\376\377\000K\036\277\000t\000\040\000q\000u\036\243\000\040\000t\000h\036\361\000c\000\040\000n\000g\000h\000i\036\307\000m}{chapter.3}% 14
\BOOKMARK [0][-]{chapter.4}{\376\377\000K\036\277\000t\000\040\000Q\000u\036\243\000\040\000T\000h\036\361\000c\000\040\000N\000g\000h\000i\036\307\000m\000\040\000V\000\340\000\040\001\020\000\341\000n\000h\000\040\000G\000i\000\341}{}% 15
\BOOKMARK [1][-]{section.4.1}{\376\377\000K\036\277\000t\000\040\000q\000u\036\243\000\040\000t\036\325\000n\000g\000\040\000q\000u\000\341\000t}{chapter.4}% 16
\BOOKMARK [1][-]{section.4.2}{\376\377\001\257\000u\000\040\001\021\000i\036\303\000m\000\040\000v\000\340\000\040\000h\036\241\000n\000\040\000c\000h\036\277\000\040\000c\036\347\000a\000\040\001\021\036\301\000\040\000t\000\340\000i}{chapter.4}% 17
\BOOKMARK [2][-]{subsection.4.2.1}{\376\377\001\257\000u\000\040\001\021\000i\036\303\000m}{section.4.2}% 18
\BOOKMARK [2][-]{subsection.4.2.2}{\376\377\000H\036\241\000n\000\040\000c\000h\036\277}{section.4.2}% 19
\BOOKMARK [1][-]{section.4.3}{\376\377\000H\001\260\036\333\000n\000g\000\040\000p\000h\000\341\000t\000\040\000t\000r\000i\036\303\000n}{chapter.4}% 20
\BOOKMARK [0][-]{chapter*.6}{\376\377\000T\000\340\000i\000\040\000l\000i\036\307\000u\000\040\000t\000h\000a\000m\000\040\000k\000h\036\243\000o}{}% 21
